Using pre-set license
Built from '2021.3/staging' branch; Version is '2021.3.30f1 (b4360d7cdac4) revision 11810317'; Using compiler version '192829333'; Build Type 'Release'
OS: 'Windows 10  (10.0.19045) 64bit Core' Language: 'es' Physical Memory: 15520 MB
BatchMode: 1, IsHumanControllingUs: 0, StartBugReporterOnCrash: 0, Is64bit: 1, IsPro: 1

COMMAND LINE ARGUMENTS:
C:\Program Files\Unity\Hub\Editor\2021.3.30f1\Editor\Unity.exe
-adb2
-batchMode
-noUpm
-name
AssetImportWorker0
-projectPath
C:/Users/Usuario/Desktop/UruVania/Casltevania
-logFile
Logs/AssetImportWorker0.log
-srvPort
59536
Successfully changed project path to: C:/Users/Usuario/Desktop/UruVania/Casltevania
C:/Users/Usuario/Desktop/UruVania/Casltevania
[UnityMemory] Configuration Parameters - Can be set up in boot.config
    "memorysetup-bucket-allocator-granularity=16"
    "memorysetup-bucket-allocator-bucket-count=8"
    "memorysetup-bucket-allocator-block-size=33554432"
    "memorysetup-bucket-allocator-block-count=8"
    "memorysetup-main-allocator-block-size=16777216"
    "memorysetup-thread-allocator-block-size=16777216"
    "memorysetup-gfx-main-allocator-block-size=16777216"
    "memorysetup-gfx-thread-allocator-block-size=16777216"
    "memorysetup-cache-allocator-block-size=4194304"
    "memorysetup-typetree-allocator-block-size=2097152"
    "memorysetup-profiler-bucket-allocator-granularity=16"
    "memorysetup-profiler-bucket-allocator-bucket-count=8"
    "memorysetup-profiler-bucket-allocator-block-size=33554432"
    "memorysetup-profiler-bucket-allocator-block-count=8"
    "memorysetup-profiler-allocator-block-size=16777216"
    "memorysetup-profiler-editor-allocator-block-size=1048576"
    "memorysetup-temp-allocator-size-main=16777216"
    "memorysetup-job-temp-allocator-block-size=2097152"
    "memorysetup-job-temp-allocator-block-size-background=1048576"
    "memorysetup-job-temp-allocator-reduction-small-platforms=262144"
    "memorysetup-temp-allocator-size-background-worker=32768"
    "memorysetup-temp-allocator-size-job-worker=262144"
    "memorysetup-temp-allocator-size-preload-manager=33554432"
    "memorysetup-temp-allocator-size-nav-mesh-worker=65536"
    "memorysetup-temp-allocator-size-audio-worker=65536"
    "memorysetup-temp-allocator-size-cloud-worker=32768"
    "memorysetup-temp-allocator-size-gi-baking-worker=262144"
    "memorysetup-temp-allocator-size-gfx=262144"
Player connection [117164] Host "[IP] 192.168.1.8 [Port] 0 [Flags] 2 [Guid] 2095279465 [EditorId] 2095279465 [Version] 1048832 [Id] WindowsEditor(7,DESKTOP-H1SVL1E) [Debug] 1 [PackageName] WindowsEditor [ProjectName] Editor" joined multi-casting on [225.0.0.222:54997]...

Player connection [117164] Host "[IP] 192.168.1.8 [Port] 0 [Flags] 2 [Guid] 2095279465 [EditorId] 2095279465 [Version] 1048832 [Id] WindowsEditor(7,DESKTOP-H1SVL1E) [Debug] 1 [PackageName] WindowsEditor [ProjectName] Editor" joined alternative multi-casting on [225.0.0.222:34997]...

[Physics::Module] Initialized MultithreadedJobDispatcher with {0} workers.
Refreshing native plugins compatible for Editor in 50.02 ms, found 3 plugins.
Preloading 0 native plugins for Editor in 0.00 ms.
Initialize engine version: 2021.3.30f1 (b4360d7cdac4)
[Subsystems] Discovering subsystems at path C:/Program Files/Unity/Hub/Editor/2021.3.30f1/Editor/Data/Resources/UnitySubsystems
[Subsystems] Discovering subsystems at path C:/Users/Usuario/Desktop/UruVania/Casltevania/Assets
GfxDevice: creating device client; threaded=0; jobified=0
Direct3D:
    Version:  Direct3D 11.0 [level 11.1]
    Renderer: NVIDIA GeForce RTX 3050 (ID=0x2507)
    Vendor:   NVIDIA
    VRAM:     8042 MB
    Driver:   31.0.15.5186
Initialize mono
Mono path[0] = 'C:/Program Files/Unity/Hub/Editor/2021.3.30f1/Editor/Data/Managed'
Mono path[1] = 'C:/Program Files/Unity/Hub/Editor/2021.3.30f1/Editor/Data/MonoBleedingEdge/lib/mono/unityjit-win32'
Mono config path = 'C:/Program Files/Unity/Hub/Editor/2021.3.30f1/Editor/Data/MonoBleedingEdge/etc'
Using monoOptions --debugger-agent=transport=dt_socket,embedding=1,server=y,suspend=n,address=127.0.0.1:56892
Begin MonoManager ReloadAssembly
Registering precompiled unity dll's ...
Register platform support module: C:/Program Files/Unity/Hub/Editor/2021.3.30f1/Editor/Data/PlaybackEngines/WindowsStandaloneSupport/UnityEditor.WindowsStandalone.Extensions.dll
Registered in 0.004970 seconds.
Native extension for WindowsStandalone target not found
Refreshing native plugins compatible for Editor in 46.09 ms, found 3 plugins.
Preloading 0 native plugins for Editor in 0.00 ms.
Mono: successfully reloaded assembly
- Completed reload, in  0.347 seconds
Domain Reload Profiling:
	ReloadAssembly (347ms)
		BeginReloadAssembly (58ms)
			ExecutionOrderSort (0ms)
			DisableScriptedObjects (0ms)
			BackupInstance (0ms)
			ReleaseScriptingObjects (0ms)
			CreateAndSetChildDomain (0ms)
		EndReloadAssembly (232ms)
			LoadAssemblies (57ms)
			RebuildTransferFunctionScriptingTraits (0ms)
			SetupTypeCache (57ms)
			ReleaseScriptCaches (0ms)
			RebuildScriptCaches (14ms)
			SetupLoadedEditorAssemblies (138ms)
				LogAssemblyErrors (0ms)
				InitializePlatformSupportModulesInManaged (5ms)
				SetLoadedEditorAssemblies (0ms)
				RefreshPlugins (46ms)
				BeforeProcessingInitializeOnLoad (1ms)
				ProcessInitializeOnLoadAttributes (61ms)
				ProcessInitializeOnLoadMethodAttributes (25ms)
				AfterProcessingInitializeOnLoad (0ms)
				EditorAssembliesLoaded (0ms)
			ExecutionOrderSort2 (0ms)
			AwakeInstancesAfterBackupRestoration (0ms)
Platform modules already initialized, skipping
Registering precompiled user dll's ...
Registered in 0.002928 seconds.
Begin MonoManager ReloadAssembly
Native extension for WindowsStandalone target not found
Refreshing native plugins compatible for Editor in 0.56 ms, found 3 plugins.
Preloading 0 native plugins for Editor in 0.00 ms.
Package Manager log level set to [2]
[Package Manager] Server::EnsureServerProcessIsRunning -- launch failed, reason: Unity was launched with the -noUpm command-line argument
[Package Manager] Cannot connect to Unity Package Manager local server
Mono: successfully reloaded assembly
- Completed reload, in  0.940 seconds
Domain Reload Profiling:
	ReloadAssembly (940ms)
		BeginReloadAssembly (77ms)
			ExecutionOrderSort (0ms)
			DisableScriptedObjects (3ms)
			BackupInstance (0ms)
			ReleaseScriptingObjects (0ms)
			CreateAndSetChildDomain (13ms)
		EndReloadAssembly (804ms)
			LoadAssemblies (62ms)
			RebuildTransferFunctionScriptingTraits (0ms)
			SetupTypeCache (149ms)
			ReleaseScriptCaches (0ms)
			RebuildScriptCaches (31ms)
			SetupLoadedEditorAssemblies (556ms)
				LogAssemblyErrors (0ms)
				InitializePlatformSupportModulesInManaged (3ms)
				SetLoadedEditorAssemblies (0ms)
				RefreshPlugins (1ms)
				BeforeProcessingInitializeOnLoad (52ms)
				ProcessInitializeOnLoadAttributes (481ms)
				ProcessInitializeOnLoadMethodAttributes (13ms)
				AfterProcessingInitializeOnLoad (6ms)
				EditorAssembliesLoaded (0ms)
			ExecutionOrderSort2 (0ms)
			AwakeInstancesAfterBackupRestoration (4ms)
Platform modules already initialized, skipping
========================================================================
Worker process is ready to serve import requests
Launched and connected shader compiler UnityShaderCompiler.exe after 0.05 seconds
Refreshing native plugins compatible for Editor in 0.55 ms, found 3 plugins.
Preloading 0 native plugins for Editor in 0.00 ms.
Unloading 3704 Unused Serialized files (Serialized files now loaded: 0)
Unloading 39 unused Assets / (153.8 KB). Loaded Objects now: 4193.
Memory consumption went from 154.3 MB to 154.2 MB.
Total: 2.452700 ms (FindLiveObjects: 0.197100 ms CreateObjectMapping: 0.062500 ms MarkObjects: 2.100000 ms  DeleteObjects: 0.092300 ms)

AssetImportParameters requested are different than current active one (requested -> active):
  custom:video-decoder-ogg-theora: a1e56fd34408186e4bbccfd4996cb3dc -> 
  custom:container-muxer-webm: aa71ff27fc2769a1b78a27578f13a17b -> 
  custom:container-demuxer-webm: 4f35f7cbe854078d1ac9338744f61a02 -> 
  custom:video-encoder-webm-vp8: eb34c28f22e8b96e1ab97ce403110664 -> 
  custom:CustomObjectIndexerAttribute: bc11b3a6c3213fcdd17b65e7da85e133 -> 
  custom:audio-encoder-webm-vorbis: bf7c407c2cedff20999df2af8eb42d56 -> 
  custom:framework-win-MediaFoundation: 216162199b28c13a410421893ffa2e32 -> 
  custom:SearchIndexIgnoredProperties: e643bd26f0fe6173181afceb89e7c659 -> 
  custom:container-demuxer-ogg: 62fdf1f143b41e24485cea50d1cbac27 -> 
  custom:video-decoder-webm-vp8: 9c59270c3fd7afecdb556c50c9e8de78 -> 
  custom:audio-decoder-ogg-vorbis: bf7c407c2cedff20999df2af8eb42d56 -> 
========================================================================
Received Import Request.
  Time since last request: 236404.300098 seconds.
  path: Assets/01a - Level/01 - Tiles/03 - ProBuilder/ProBuilder_001_Sandtile 1.prefab
  artifactKey: Guid(5b4c037a1bb002e4c8fa562d060f35cd) Importer(815301076,1909f56bfc062723c751e8b465ee728b)
Number of updated assets reloaded before import = 0
Start importing Assets/01a - Level/01 - Tiles/03 - ProBuilder/ProBuilder_001_Sandtile 1.prefab using Guid(5b4c037a1bb002e4c8fa562d060f35cd) Importer(815301076,1909f56bfc062723c751e8b465ee728b)  -> (artifact id: '014139059a12805c5d0e7d1b27095003') in 0.042763 seconds 
Number of asset objects unloaded after import = 9
========================================================================
Received Import Request.
  Time since last request: 16.400209 seconds.
  path: Assets/01a - Level/01 - Tiles/03 - ProBuilder/ProBuilder_003_Blocktile.prefab
  artifactKey: Guid(5b4c037a1bb002e4c8fa562d060f35cd) Importer(815301076,1909f56bfc062723c751e8b465ee728b)
Number of updated assets reloaded before import = 0
Start importing Assets/01a - Level/01 - Tiles/03 - ProBuilder/ProBuilder_003_Blocktile.prefab using Guid(5b4c037a1bb002e4c8fa562d060f35cd) Importer(815301076,1909f56bfc062723c751e8b465ee728b)  -> (artifact id: '013f50535f0241e97c5930074d16175f') in 0.002858 seconds 
Number of asset objects unloaded after import = 9
========================================================================
Received Import Request.
  Time since last request: 1010.053420 seconds.
  path: Assets/01a - Level/01 - Tiles/03 - ProBuilder/Materiales/ProBuilder_002_Blocktile.png
  artifactKey: Guid(65aed4184d689c0429384f3abf473bac) Importer(815301076,1909f56bfc062723c751e8b465ee728b)
Number of updated assets reloaded before import = 0
Start importing Assets/01a - Level/01 - Tiles/03 - ProBuilder/Materiales/ProBuilder_002_Blocktile.png using Guid(65aed4184d689c0429384f3abf473bac) Importer(815301076,1909f56bfc062723c751e8b465ee728b)  -> (artifact id: '986b88743a57eb1b8486c17ab2997018') in 0.045362 seconds 
Number of asset objects unloaded after import = 2
========================================================================
Received Import Request.
  Time since last request: 15.208280 seconds.
  path: Assets/01a - Level/01 - Tiles/03 - ProBuilder/ProBuilder_000_Platform.prefab
  artifactKey: Guid(4833b02ea7ad1d748a050c69ce524fce) Importer(815301076,1909f56bfc062723c751e8b465ee728b)
Number of updated assets reloaded before import = 0
Start importing Assets/01a - Level/01 - Tiles/03 - ProBuilder/ProBuilder_000_Platform.prefab using Guid(4833b02ea7ad1d748a050c69ce524fce) Importer(815301076,1909f56bfc062723c751e8b465ee728b)  -> (artifact id: '55cc2a7d244c1ca6b6877b876b938e53') in 0.003522 seconds 
Number of asset objects unloaded after import = 10
========================================================================
Received Import Request.
  Time since last request: 3.825149 seconds.
  path: Assets/01a - Level/01 - Tiles/03 - ProBuilder/ProBuilder_002_Blocktile.prefab
  artifactKey: Guid(5b4c037a1bb002e4c8fa562d060f35cd) Importer(815301076,1909f56bfc062723c751e8b465ee728b)
Number of updated assets reloaded before import = 0
Start importing Assets/01a - Level/01 - Tiles/03 - ProBuilder/ProBuilder_002_Blocktile.prefab using Guid(5b4c037a1bb002e4c8fa562d060f35cd) Importer(815301076,1909f56bfc062723c751e8b465ee728b)  -> (artifact id: 'b23330e862cd14541a0d039649f82a4c') in 0.002733 seconds 
Number of asset objects unloaded after import = 9
========================================================================
Received Import Request.
  Time since last request: 6.904150 seconds.
  path: Assets/01a - Level/01 - Tiles/03 - ProBuilder/Materiales/ProBuilder_002_Blocktile.png
  artifactKey: Guid(65aed4184d689c0429384f3abf473bac) Importer(815301076,1909f56bfc062723c751e8b465ee728b)
Number of updated assets reloaded before import = 0
Start importing Assets/01a - Level/01 - Tiles/03 - ProBuilder/Materiales/ProBuilder_002_Blocktile.png using Guid(65aed4184d689c0429384f3abf473bac) Importer(815301076,1909f56bfc062723c751e8b465ee728b)  -> (artifact id: '69aa8a5ede0696a57237d423f3ff45b1') in 0.035484 seconds 
Number of asset objects unloaded after import = 3
========================================================================
Received Import Request.
  Time since last request: 3.865967 seconds.
  path: Assets/01a - Level/01 - Tiles/03 - ProBuilder/Materiales/ProBuilder_001_Sandtile 1.mat
  artifactKey: Guid(5e92c4230965788478edc497eb48d08e) Importer(815301076,1909f56bfc062723c751e8b465ee728b)
Number of updated assets reloaded before import = 0
Start importing Assets/01a - Level/01 - Tiles/03 - ProBuilder/Materiales/ProBuilder_001_Sandtile 1.mat using Guid(5e92c4230965788478edc497eb48d08e) Importer(815301076,1909f56bfc062723c751e8b465ee728b)  -> (artifact id: '0cbced48412bdac7d92a5ab65995c2bd') in 0.028760 seconds 
Number of asset objects unloaded after import = 2
========================================================================
Received Import Request.
  Time since last request: 10.454491 seconds.
  path: Assets/01a - Level/01 - Tiles/03 - ProBuilder/Materiales/ProBuilder_002_Blocktile.mat
  artifactKey: Guid(5e92c4230965788478edc497eb48d08e) Importer(815301076,1909f56bfc062723c751e8b465ee728b)
Number of updated assets reloaded before import = 0
Start importing Assets/01a - Level/01 - Tiles/03 - ProBuilder/Materiales/ProBuilder_002_Blocktile.mat using Guid(5e92c4230965788478edc497eb48d08e) Importer(815301076,1909f56bfc062723c751e8b465ee728b)  -> (artifact id: '3ecdbe55324ab8eef9e5e147c90b031a') in 0.010645 seconds 
Number of asset objects unloaded after import = 2
========================================================================
Received Import Request.
  Time since last request: 62.989197 seconds.
  path: Assets/01a - Level/01 - Tiles/03 - ProBuilder/Materiales/New Material.mat
  artifactKey: Guid(0018be825faddfa42843790c9cd82427) Importer(815301076,1909f56bfc062723c751e8b465ee728b)
Number of updated assets reloaded before import = 0
Start importing Assets/01a - Level/01 - Tiles/03 - ProBuilder/Materiales/New Material.mat using Guid(0018be825faddfa42843790c9cd82427) Importer(815301076,1909f56bfc062723c751e8b465ee728b)  -> (artifact id: 'ddd55ad22adf572c496248422b0f244c') in 0.008608 seconds 
Number of asset objects unloaded after import = 1
========================================================================
Received Import Request.
  Time since last request: 6.609035 seconds.
  path: Assets/01a - Level/01 - Tiles/03 - ProBuilder/Materiales/ProBuilder_002_Blocktile.mat
  artifactKey: Guid(0018be825faddfa42843790c9cd82427) Importer(815301076,1909f56bfc062723c751e8b465ee728b)
Number of updated assets reloaded before import = 0
Start importing Assets/01a - Level/01 - Tiles/03 - ProBuilder/Materiales/ProBuilder_002_Blocktile.mat using Guid(0018be825faddfa42843790c9cd82427) Importer(815301076,1909f56bfc062723c751e8b465ee728b)  -> (artifact id: '22b842c6ffb2e886acf0c3b7f15116c4') in 0.008212 seconds 
Number of asset objects unloaded after import = 1
========================================================================
Received Import Request.
  Time since last request: 32.672086 seconds.
  path: Assets/01a - Level/01 - Tiles/03 - ProBuilder/Materiales/ProBuilder_002_Blocktile.mat
  artifactKey: Guid(0018be825faddfa42843790c9cd82427) Importer(815301076,1909f56bfc062723c751e8b465ee728b)
Number of updated assets reloaded before import = 0
Start importing Assets/01a - Level/01 - Tiles/03 - ProBuilder/Materiales/ProBuilder_002_Blocktile.mat using Guid(0018be825faddfa42843790c9cd82427) Importer(815301076,1909f56bfc062723c751e8b465ee728b)  -> (artifact id: '6fb56ec4a7baa4ba01d704f708d22f19') in 0.006501 seconds 
Number of asset objects unloaded after import = 2
========================================================================
Received Import Request.
  Time since last request: 3.747122 seconds.
  path: Assets/01a - Level/01 - Tiles/03 - ProBuilder/ProBuilder_002_Blocktile.prefab
  artifactKey: Guid(5b4c037a1bb002e4c8fa562d060f35cd) Importer(815301076,1909f56bfc062723c751e8b465ee728b)
Number of updated assets reloaded before import = 0
Start importing Assets/01a - Level/01 - Tiles/03 - ProBuilder/ProBuilder_002_Blocktile.prefab using Guid(5b4c037a1bb002e4c8fa562d060f35cd) Importer(815301076,1909f56bfc062723c751e8b465ee728b)  -> (artifact id: '5f101a05ff2eef6a79b55cdc4d2ba56a') in 0.002574 seconds 
Number of asset objects unloaded after import = 9
========================================================================
Received Import Request.
  Time since last request: 109.079702 seconds.
  path: Assets/01a - Level/01 - Tiles/03 - ProBuilder/Materiales/ProBuilder_002_Blocktile.png
  artifactKey: Guid(65aed4184d689c0429384f3abf473bac) Importer(815301076,1909f56bfc062723c751e8b465ee728b)
Number of updated assets reloaded before import = 0
Start importing Assets/01a - Level/01 - Tiles/03 - ProBuilder/Materiales/ProBuilder_002_Blocktile.png using Guid(65aed4184d689c0429384f3abf473bac) Importer(815301076,1909f56bfc062723c751e8b465ee728b)  -> (artifact id: '80600457428ff5a79c4f091dccaed5c4') in 0.011235 seconds 
Number of asset objects unloaded after import = 2
========================================================================
Received Prepare
Registering precompiled user dll's ...
Registered in 0.002762 seconds.
Begin MonoManager ReloadAssembly
Native extension for WindowsStandalone target not found
Refreshing native plugins compatible for Editor in 1.07 ms, found 3 plugins.
Preloading 0 native plugins for Editor in 0.00 ms.
[Package Manager] Server::EnsureServerProcessIsRunning -- launch failed, reason: Unity was launched with the -noUpm command-line argument
[Package Manager] Cannot connect to Unity Package Manager local server
Mono: successfully reloaded assembly
- Completed reload, in  0.952 seconds
Domain Reload Profiling:
	ReloadAssembly (952ms)
		BeginReloadAssembly (106ms)
			ExecutionOrderSort (0ms)
			DisableScriptedObjects (3ms)
			BackupInstance (0ms)
			ReleaseScriptingObjects (0ms)
			CreateAndSetChildDomain (31ms)
		EndReloadAssembly (790ms)
			LoadAssemblies (61ms)
			RebuildTransferFunctionScriptingTraits (0ms)
			SetupTypeCache (153ms)
			ReleaseScriptCaches (1ms)
			RebuildScriptCaches (24ms)
			SetupLoadedEditorAssemblies (547ms)
				LogAssemblyErrors (0ms)
				InitializePlatformSupportModulesInManaged (4ms)
				SetLoadedEditorAssemblies (0ms)
				RefreshPlugins (1ms)
				BeforeProcessingInitializeOnLoad (43ms)
				ProcessInitializeOnLoadAttributes (479ms)
				ProcessInitializeOnLoadMethodAttributes (14ms)
				AfterProcessingInitializeOnLoad (6ms)
				EditorAssembliesLoaded (0ms)
			ExecutionOrderSort2 (0ms)
			AwakeInstancesAfterBackupRestoration (4ms)
Platform modules already initialized, skipping
Refreshing native plugins compatible for Editor in 0.54 ms, found 3 plugins.
Preloading 0 native plugins for Editor in 0.00 ms.
Unloading 3677 Unused Serialized files (Serialized files now loaded: 0)
Unloading 19 unused Assets / (153.7 KB). Loaded Objects now: 4253.
Memory consumption went from 156.4 MB to 156.3 MB.
Total: 2.229800 ms (FindLiveObjects: 0.259300 ms CreateObjectMapping: 0.059700 ms MarkObjects: 1.826600 ms  DeleteObjects: 0.083600 ms)

AssetImportParameters requested are different than current active one (requested -> active):
  custom:video-decoder-ogg-theora: a1e56fd34408186e4bbccfd4996cb3dc -> 
  custom:container-muxer-webm: aa71ff27fc2769a1b78a27578f13a17b -> 
  custom:container-demuxer-webm: 4f35f7cbe854078d1ac9338744f61a02 -> 
  custom:video-encoder-webm-vp8: eb34c28f22e8b96e1ab97ce403110664 -> 
  custom:CustomObjectIndexerAttribute: bc11b3a6c3213fcdd17b65e7da85e133 -> 
  custom:audio-encoder-webm-vorbis: bf7c407c2cedff20999df2af8eb42d56 -> 
  custom:framework-win-MediaFoundation: 216162199b28c13a410421893ffa2e32 -> 
  custom:SearchIndexIgnoredProperties: e643bd26f0fe6173181afceb89e7c659 -> 
  custom:container-demuxer-ogg: 62fdf1f143b41e24485cea50d1cbac27 -> 
  custom:video-decoder-webm-vp8: 9c59270c3fd7afecdb556c50c9e8de78 -> 
  custom:audio-decoder-ogg-vorbis: bf7c407c2cedff20999df2af8eb42d56 -> 
========================================================================
Received Import Request.
  Time since last request: 193.752037 seconds.
  path: Assets/04 - Objects/Object_2_Bridge.prefab
  artifactKey: Guid(bd255fbea85a6a44c844d2a389a5f48f) Importer(815301076,1909f56bfc062723c751e8b465ee728b)
Number of updated assets reloaded before import = 0
Start importing Assets/04 - Objects/Object_2_Bridge.prefab using Guid(bd255fbea85a6a44c844d2a389a5f48f) Importer(815301076,1909f56bfc062723c751e8b465ee728b)  -> (artifact id: '021befb3f46bc9ca1eabdee951f2bb71') in 0.056026 seconds 
Number of asset objects unloaded after import = 135
========================================================================
Received Import Request.
  Time since last request: 3.222577 seconds.
  path: Assets/04 - Objects/Object_2_Bridge.prefab
  artifactKey: Guid(bd255fbea85a6a44c844d2a389a5f48f) Importer(815301076,1909f56bfc062723c751e8b465ee728b)
Number of updated assets reloaded before import = 0
Start importing Assets/04 - Objects/Object_2_Bridge.prefab using Guid(bd255fbea85a6a44c844d2a389a5f48f) Importer(815301076,1909f56bfc062723c751e8b465ee728b)  -> (artifact id: 'c623ee6307280246ee0155aead2a1a76') in 0.008618 seconds 
Number of asset objects unloaded after import = 114
========================================================================
Received Import Request.
  Time since last request: 3.627819 seconds.
  path: Assets/04 - Objects/Object_2_Bridge.prefab
  artifactKey: Guid(bd255fbea85a6a44c844d2a389a5f48f) Importer(815301076,1909f56bfc062723c751e8b465ee728b)
Number of updated assets reloaded before import = 0
Start importing Assets/04 - Objects/Object_2_Bridge.prefab using Guid(bd255fbea85a6a44c844d2a389a5f48f) Importer(815301076,1909f56bfc062723c751e8b465ee728b)  -> (artifact id: 'f517e91c6a94790c839455890df79dd2') in 0.009969 seconds 
Number of asset objects unloaded after import = 114
========================================================================
Received Import Request.
  Time since last request: 2.203005 seconds.
  path: Assets/04 - Objects/Object_2_Bridge.prefab
  artifactKey: Guid(bd255fbea85a6a44c844d2a389a5f48f) Importer(815301076,1909f56bfc062723c751e8b465ee728b)
Number of updated assets reloaded before import = 0
Start importing Assets/04 - Objects/Object_2_Bridge.prefab using Guid(bd255fbea85a6a44c844d2a389a5f48f) Importer(815301076,1909f56bfc062723c751e8b465ee728b)  -> (artifact id: 'fd570f4868337d89e69e3984e20ff522') in 0.010795 seconds 
Number of asset objects unloaded after import = 114
========================================================================
Received Import Request.
  Time since last request: 0.580542 seconds.
  path: Assets/04 - Objects/Object_2_Bridge.prefab
  artifactKey: Guid(bd255fbea85a6a44c844d2a389a5f48f) Importer(815301076,1909f56bfc062723c751e8b465ee728b)
Number of updated assets reloaded before import = 0
Start importing Assets/04 - Objects/Object_2_Bridge.prefab using Guid(bd255fbea85a6a44c844d2a389a5f48f) Importer(815301076,1909f56bfc062723c751e8b465ee728b)  -> (artifact id: '5c55029482cdd882266660536632d0df') in 0.010252 seconds 
Number of asset objects unloaded after import = 114
========================================================================
Received Import Request.
  Time since last request: 105.209665 seconds.
  path: Assets/04 - Objects/Object_2_Bridge.prefab
  artifactKey: Guid(bd255fbea85a6a44c844d2a389a5f48f) Importer(815301076,1909f56bfc062723c751e8b465ee728b)
Number of updated assets reloaded before import = 0
Start importing Assets/04 - Objects/Object_2_Bridge.prefab using Guid(bd255fbea85a6a44c844d2a389a5f48f) Importer(815301076,1909f56bfc062723c751e8b465ee728b)  -> (artifact id: '0d63e7ded4e056ac1f854bbbb3ddad5a') in 0.022752 seconds 
Number of asset objects unloaded after import = 107
========================================================================
Received Import Request.
  Time since last request: 1.174868 seconds.
  path: Assets/04 - Objects/Object_2_Bridge.prefab
  artifactKey: Guid(bd255fbea85a6a44c844d2a389a5f48f) Importer(815301076,1909f56bfc062723c751e8b465ee728b)
Number of updated assets reloaded before import = 0
Start importing Assets/04 - Objects/Object_2_Bridge.prefab using Guid(bd255fbea85a6a44c844d2a389a5f48f) Importer(815301076,1909f56bfc062723c751e8b465ee728b)  -> (artifact id: '1bffc53e9bfd683eb1824da9c12c17ed') in 0.009104 seconds 
Number of asset objects unloaded after import = 100
========================================================================
Received Import Request.
  Time since last request: 6.259523 seconds.
  path: Assets/04 - Objects/Object_2_Bridge.prefab
  artifactKey: Guid(bd255fbea85a6a44c844d2a389a5f48f) Importer(815301076,1909f56bfc062723c751e8b465ee728b)
Number of updated assets reloaded before import = 0
Start importing Assets/04 - Objects/Object_2_Bridge.prefab using Guid(bd255fbea85a6a44c844d2a389a5f48f) Importer(815301076,1909f56bfc062723c751e8b465ee728b)  -> (artifact id: 'b11c74785a64ca8d3c2e5bf9b40d70bd') in 0.012717 seconds 
Number of asset objects unloaded after import = 100
========================================================================
Received Import Request.
  Time since last request: 2.396325 seconds.
  path: Assets/04 - Objects/Object_2_Bridge.prefab
  artifactKey: Guid(bd255fbea85a6a44c844d2a389a5f48f) Importer(815301076,1909f56bfc062723c751e8b465ee728b)
Number of updated assets reloaded before import = 0
Start importing Assets/04 - Objects/Object_2_Bridge.prefab using Guid(bd255fbea85a6a44c844d2a389a5f48f) Importer(815301076,1909f56bfc062723c751e8b465ee728b)  -> (artifact id: 'a9036af60f72e3edb7f4bef3d043a5b7') in 0.008210 seconds 
Number of asset objects unloaded after import = 100
========================================================================
Received Import Request.
  Time since last request: 2.804175 seconds.
  path: Assets/04 - Objects/Object_2_Bridge.prefab
  artifactKey: Guid(bd255fbea85a6a44c844d2a389a5f48f) Importer(815301076,1909f56bfc062723c751e8b465ee728b)
Number of updated assets reloaded before import = 0
Start importing Assets/04 - Objects/Object_2_Bridge.prefab using Guid(bd255fbea85a6a44c844d2a389a5f48f) Importer(815301076,1909f56bfc062723c751e8b465ee728b)  -> (artifact id: '22ee67eaeba753b7e64a9693d4a860ec') in 0.007705 seconds 
Number of asset objects unloaded after import = 100
========================================================================
Received Import Request.
  Time since last request: 0.385457 seconds.
  path: Assets/04 - Objects/Object_2_Bridge.prefab
  artifactKey: Guid(bd255fbea85a6a44c844d2a389a5f48f) Importer(815301076,1909f56bfc062723c751e8b465ee728b)
Number of updated assets reloaded before import = 0
Start importing Assets/04 - Objects/Object_2_Bridge.prefab using Guid(bd255fbea85a6a44c844d2a389a5f48f) Importer(815301076,1909f56bfc062723c751e8b465ee728b)  -> (artifact id: 'f8cd491a382dbccecbf152bf550fda77') in 0.013358 seconds 
Number of asset objects unloaded after import = 100
========================================================================
Received Import Request.
  Time since last request: 2.608559 seconds.
  path: Assets/04 - Objects/Object_2_Bridge.prefab
  artifactKey: Guid(bd255fbea85a6a44c844d2a389a5f48f) Importer(815301076,1909f56bfc062723c751e8b465ee728b)
Number of updated assets reloaded before import = 0
Start importing Assets/04 - Objects/Object_2_Bridge.prefab using Guid(bd255fbea85a6a44c844d2a389a5f48f) Importer(815301076,1909f56bfc062723c751e8b465ee728b)  -> (artifact id: 'c25d1973dabe2cc65b9db594b40f73b5') in 0.008404 seconds 
Number of asset objects unloaded after import = 100
========================================================================
Received Prepare
Registering precompiled user dll's ...
Registered in 0.002959 seconds.
Begin MonoManager ReloadAssembly
Native extension for WindowsStandalone target not found
Refreshing native plugins compatible for Editor in 0.60 ms, found 3 plugins.
Preloading 0 native plugins for Editor in 0.00 ms.
[Package Manager] Server::EnsureServerProcessIsRunning -- launch failed, reason: Unity was launched with the -noUpm command-line argument
[Package Manager] Cannot connect to Unity Package Manager local server
Mono: successfully reloaded assembly
- Completed reload, in  0.940 seconds
Domain Reload Profiling:
	ReloadAssembly (940ms)
		BeginReloadAssembly (103ms)
			ExecutionOrderSort (0ms)
			DisableScriptedObjects (3ms)
			BackupInstance (0ms)
			ReleaseScriptingObjects (0ms)
			CreateAndSetChildDomain (28ms)
		EndReloadAssembly (783ms)
			LoadAssemblies (60ms)
			RebuildTransferFunctionScriptingTraits (0ms)
			SetupTypeCache (145ms)
			ReleaseScriptCaches (1ms)
			RebuildScriptCaches (23ms)
			SetupLoadedEditorAssemblies (550ms)
				LogAssemblyErrors (0ms)
				InitializePlatformSupportModulesInManaged (4ms)
				SetLoadedEditorAssemblies (0ms)
				RefreshPlugins (1ms)
				BeforeProcessingInitializeOnLoad (42ms)
				ProcessInitializeOnLoadAttributes (484ms)
				ProcessInitializeOnLoadMethodAttributes (15ms)
				AfterProcessingInitializeOnLoad (6ms)
				EditorAssembliesLoaded (0ms)
			ExecutionOrderSort2 (0ms)
			AwakeInstancesAfterBackupRestoration (4ms)
Platform modules already initialized, skipping
Refreshing native plugins compatible for Editor in 0.56 ms, found 3 plugins.
Preloading 0 native plugins for Editor in 0.00 ms.
Unloading 3677 Unused Serialized files (Serialized files now loaded: 0)
Unloading 19 unused Assets / (154.0 KB). Loaded Objects now: 4268.
Memory consumption went from 156.5 MB to 156.3 MB.
Total: 2.058400 ms (FindLiveObjects: 0.201000 ms CreateObjectMapping: 0.049600 ms MarkObjects: 1.712000 ms  DeleteObjects: 0.095400 ms)

AssetImportParameters requested are different than current active one (requested -> active):
  custom:video-decoder-ogg-theora: a1e56fd34408186e4bbccfd4996cb3dc -> 
  custom:container-muxer-webm: aa71ff27fc2769a1b78a27578f13a17b -> 
  custom:container-demuxer-webm: 4f35f7cbe854078d1ac9338744f61a02 -> 
  custom:video-encoder-webm-vp8: eb34c28f22e8b96e1ab97ce403110664 -> 
  custom:CustomObjectIndexerAttribute: bc11b3a6c3213fcdd17b65e7da85e133 -> 
  custom:audio-encoder-webm-vorbis: bf7c407c2cedff20999df2af8eb42d56 -> 
  custom:framework-win-MediaFoundation: 216162199b28c13a410421893ffa2e32 -> 
  custom:SearchIndexIgnoredProperties: e643bd26f0fe6173181afceb89e7c659 -> 
  custom:container-demuxer-ogg: 62fdf1f143b41e24485cea50d1cbac27 -> 
  custom:video-decoder-webm-vp8: 9c59270c3fd7afecdb556c50c9e8de78 -> 
  custom:audio-decoder-ogg-vorbis: bf7c407c2cedff20999df2af8eb42d56 -> 
========================================================================
Received Prepare
Registering precompiled user dll's ...
Registered in 0.002796 seconds.
Begin MonoManager ReloadAssembly
Native extension for WindowsStandalone target not found
Refreshing native plugins compatible for Editor in 0.85 ms, found 3 plugins.
Preloading 0 native plugins for Editor in 0.00 ms.
[Package Manager] Server::EnsureServerProcessIsRunning -- launch failed, reason: Unity was launched with the -noUpm command-line argument
[Package Manager] Cannot connect to Unity Package Manager local server
Mono: successfully reloaded assembly
- Completed reload, in  0.929 seconds
Domain Reload Profiling:
	ReloadAssembly (929ms)
		BeginReloadAssembly (104ms)
			ExecutionOrderSort (0ms)
			DisableScriptedObjects (4ms)
			BackupInstance (0ms)
			ReleaseScriptingObjects (0ms)
			CreateAndSetChildDomain (30ms)
		EndReloadAssembly (771ms)
			LoadAssemblies (58ms)
			RebuildTransferFunctionScriptingTraits (0ms)
			SetupTypeCache (134ms)
			ReleaseScriptCaches (1ms)
			RebuildScriptCaches (23ms)
			SetupLoadedEditorAssemblies (547ms)
				LogAssemblyErrors (0ms)
				InitializePlatformSupportModulesInManaged (5ms)
				SetLoadedEditorAssemblies (0ms)
				RefreshPlugins (1ms)
				BeforeProcessingInitializeOnLoad (41ms)
				ProcessInitializeOnLoadAttributes (482ms)
				ProcessInitializeOnLoadMethodAttributes (13ms)
				AfterProcessingInitializeOnLoad (6ms)
				EditorAssembliesLoaded (0ms)
			ExecutionOrderSort2 (0ms)
			AwakeInstancesAfterBackupRestoration (4ms)
Platform modules already initialized, skipping
Refreshing native plugins compatible for Editor in 0.56 ms, found 3 plugins.
Preloading 0 native plugins for Editor in 0.00 ms.
Unloading 3677 Unused Serialized files (Serialized files now loaded: 0)
Unloading 19 unused Assets / (138.3 KB). Loaded Objects now: 4283.
Memory consumption went from 156.5 MB to 156.3 MB.
Total: 2.402100 ms (FindLiveObjects: 0.207000 ms CreateObjectMapping: 0.061300 ms MarkObjects: 2.055100 ms  DeleteObjects: 0.078000 ms)

AssetImportParameters requested are different than current active one (requested -> active):
  custom:video-decoder-ogg-theora: a1e56fd34408186e4bbccfd4996cb3dc -> 
  custom:container-muxer-webm: aa71ff27fc2769a1b78a27578f13a17b -> 
  custom:container-demuxer-webm: 4f35f7cbe854078d1ac9338744f61a02 -> 
  custom:video-encoder-webm-vp8: eb34c28f22e8b96e1ab97ce403110664 -> 
  custom:CustomObjectIndexerAttribute: bc11b3a6c3213fcdd17b65e7da85e133 -> 
  custom:audio-encoder-webm-vorbis: bf7c407c2cedff20999df2af8eb42d56 -> 
  custom:framework-win-MediaFoundation: 216162199b28c13a410421893ffa2e32 -> 
  custom:SearchIndexIgnoredProperties: e643bd26f0fe6173181afceb89e7c659 -> 
  custom:container-demuxer-ogg: 62fdf1f143b41e24485cea50d1cbac27 -> 
  custom:video-decoder-webm-vp8: 9c59270c3fd7afecdb556c50c9e8de78 -> 
  custom:audio-decoder-ogg-vorbis: bf7c407c2cedff20999df2af8eb42d56 -> 
========================================================================
Received Import Request.
  Time since last request: 681.630452 seconds.
  path: Assets/01a - Level/01 - Tiles/03 - ProBuilder/Materiales/ProBuilder_002_Blocktile.mat
  artifactKey: Guid(0018be825faddfa42843790c9cd82427) Importer(815301076,1909f56bfc062723c751e8b465ee728b)
Number of updated assets reloaded before import = 0
Start importing Assets/01a - Level/01 - Tiles/03 - ProBuilder/Materiales/ProBuilder_002_Blocktile.mat using Guid(0018be825faddfa42843790c9cd82427) Importer(815301076,1909f56bfc062723c751e8b465ee728b)  -> (artifact id: '5f5e43bd27e1655725910c7ed8178ad8') in 0.049784 seconds 
Number of asset objects unloaded after import = 2
========================================================================
Received Import Request.
  Time since last request: 3.019071 seconds.
  path: Assets/01a - Level/01 - Tiles/03 - ProBuilder/Materiales/ProBuilder_002_Blocktile 1.png
  artifactKey: Guid(4ca4efb87165b83419963f143cd55a66) Importer(815301076,1909f56bfc062723c751e8b465ee728b)
Number of updated assets reloaded before import = 0
Start importing Assets/01a - Level/01 - Tiles/03 - ProBuilder/Materiales/ProBuilder_002_Blocktile 1.png using Guid(4ca4efb87165b83419963f143cd55a66) Importer(815301076,1909f56bfc062723c751e8b465ee728b)  -> (artifact id: 'ad9c8eaf40d5b5b1ee6a7f466cc262dd') in 0.014184 seconds 
Number of asset objects unloaded after import = 2
========================================================================
Received Import Request.
  Time since last request: 27.684001 seconds.
  path: Assets/01a - Level/01 - Tiles/03 - ProBuilder/Materiales/ProBuilder_002_Blocktile.mat
  artifactKey: Guid(0018be825faddfa42843790c9cd82427) Importer(815301076,1909f56bfc062723c751e8b465ee728b)
Number of updated assets reloaded before import = 0
Start importing Assets/01a - Level/01 - Tiles/03 - ProBuilder/Materiales/ProBuilder_002_Blocktile.mat using Guid(0018be825faddfa42843790c9cd82427) Importer(815301076,1909f56bfc062723c751e8b465ee728b)  -> (artifact id: '7ab7f11e5580aec91d58fc1955c1d924') in 0.021908 seconds 
Number of asset objects unloaded after import = 2
========================================================================
Received Import Request.
  Time since last request: 0.000010 seconds.
  path: Assets/01a - Level/01 - Tiles/03 - ProBuilder/Materiales/ProBuilder_002_Blocktile.png
  artifactKey: Guid(65aed4184d689c0429384f3abf473bac) Importer(815301076,1909f56bfc062723c751e8b465ee728b)
Number of updated assets reloaded before import = 0
Start importing Assets/01a - Level/01 - Tiles/03 - ProBuilder/Materiales/ProBuilder_002_Blocktile.png using Guid(65aed4184d689c0429384f3abf473bac) Importer(815301076,1909f56bfc062723c751e8b465ee728b)  -> (artifact id: '083ab4e4f83ecc790cf8ae4011cde55a') in 0.024983 seconds 
Number of asset objects unloaded after import = 2
========================================================================
Received Prepare
Registering precompiled user dll's ...
Registered in 0.002845 seconds.
Begin MonoManager ReloadAssembly
Native extension for WindowsStandalone target not found
Refreshing native plugins compatible for Editor in 0.65 ms, found 3 plugins.
Preloading 0 native plugins for Editor in 0.00 ms.
[Package Manager] Server::EnsureServerProcessIsRunning -- launch failed, reason: Unity was launched with the -noUpm command-line argument
[Package Manager] Cannot connect to Unity Package Manager local server
Mono: successfully reloaded assembly
- Completed reload, in  0.917 seconds
Domain Reload Profiling:
	ReloadAssembly (918ms)
		BeginReloadAssembly (100ms)
			ExecutionOrderSort (0ms)
			DisableScriptedObjects (3ms)
			BackupInstance (0ms)
			ReleaseScriptingObjects (0ms)
			CreateAndSetChildDomain (28ms)
		EndReloadAssembly (764ms)
			LoadAssemblies (58ms)
			RebuildTransferFunctionScriptingTraits (0ms)
			SetupTypeCache (134ms)
			ReleaseScriptCaches (1ms)
			RebuildScriptCaches (24ms)
			SetupLoadedEditorAssemblies (536ms)
				LogAssemblyErrors (0ms)
				InitializePlatformSupportModulesInManaged (3ms)
				SetLoadedEditorAssemblies (0ms)
				RefreshPlugins (1ms)
				BeforeProcessingInitializeOnLoad (40ms)
				ProcessInitializeOnLoadAttributes (470ms)
				ProcessInitializeOnLoadMethodAttributes (14ms)
				AfterProcessingInitializeOnLoad (8ms)
				EditorAssembliesLoaded (0ms)
			ExecutionOrderSort2 (0ms)
			AwakeInstancesAfterBackupRestoration (6ms)
Platform modules already initialized, skipping
Refreshing native plugins compatible for Editor in 0.70 ms, found 3 plugins.
Preloading 0 native plugins for Editor in 0.00 ms.
Unloading 3677 Unused Serialized files (Serialized files now loaded: 0)
Unloading 19 unused Assets / (153.8 KB). Loaded Objects now: 4298.
Memory consumption went from 156.5 MB to 156.4 MB.
Total: 2.310400 ms (FindLiveObjects: 0.211900 ms CreateObjectMapping: 0.050400 ms MarkObjects: 1.956800 ms  DeleteObjects: 0.090800 ms)

AssetImportParameters requested are different than current active one (requested -> active):
  custom:video-decoder-ogg-theora: a1e56fd34408186e4bbccfd4996cb3dc -> 
  custom:container-muxer-webm: aa71ff27fc2769a1b78a27578f13a17b -> 
  custom:container-demuxer-webm: 4f35f7cbe854078d1ac9338744f61a02 -> 
  custom:video-encoder-webm-vp8: eb34c28f22e8b96e1ab97ce403110664 -> 
  custom:CustomObjectIndexerAttribute: bc11b3a6c3213fcdd17b65e7da85e133 -> 
  custom:audio-encoder-webm-vorbis: bf7c407c2cedff20999df2af8eb42d56 -> 
  custom:framework-win-MediaFoundation: 216162199b28c13a410421893ffa2e32 -> 
  custom:SearchIndexIgnoredProperties: e643bd26f0fe6173181afceb89e7c659 -> 
  custom:container-demuxer-ogg: 62fdf1f143b41e24485cea50d1cbac27 -> 
  custom:video-decoder-webm-vp8: 9c59270c3fd7afecdb556c50c9e8de78 -> 
  custom:audio-decoder-ogg-vorbis: bf7c407c2cedff20999df2af8eb42d56 -> 
========================================================================
Received Prepare
Registering precompiled user dll's ...
Registered in 0.002722 seconds.
Begin MonoManager ReloadAssembly
Native extension for WindowsStandalone target not found
Refreshing native plugins compatible for Editor in 0.77 ms, found 3 plugins.
Preloading 0 native plugins for Editor in 0.00 ms.
[Package Manager] Server::EnsureServerProcessIsRunning -- launch failed, reason: Unity was launched with the -noUpm command-line argument
[Package Manager] Cannot connect to Unity Package Manager local server
Mono: successfully reloaded assembly
- Completed reload, in  0.954 seconds
Domain Reload Profiling:
	ReloadAssembly (954ms)
		BeginReloadAssembly (108ms)
			ExecutionOrderSort (0ms)
			DisableScriptedObjects (5ms)
			BackupInstance (0ms)
			ReleaseScriptingObjects (0ms)
			CreateAndSetChildDomain (27ms)
		EndReloadAssembly (791ms)
			LoadAssemblies (64ms)
			RebuildTransferFunctionScriptingTraits (0ms)
			SetupTypeCache (144ms)
			ReleaseScriptCaches (1ms)
			RebuildScriptCaches (26ms)
			SetupLoadedEditorAssemblies (550ms)
				LogAssemblyErrors (0ms)
				InitializePlatformSupportModulesInManaged (4ms)
				SetLoadedEditorAssemblies (0ms)
				RefreshPlugins (1ms)
				BeforeProcessingInitializeOnLoad (44ms)
				ProcessInitializeOnLoadAttributes (477ms)
				ProcessInitializeOnLoadMethodAttributes (18ms)
				AfterProcessingInitializeOnLoad (7ms)
				EditorAssembliesLoaded (0ms)
			ExecutionOrderSort2 (0ms)
			AwakeInstancesAfterBackupRestoration (4ms)
Platform modules already initialized, skipping
Refreshing native plugins compatible for Editor in 0.57 ms, found 3 plugins.
Preloading 0 native plugins for Editor in 0.00 ms.
Unloading 3677 Unused Serialized files (Serialized files now loaded: 0)
Unloading 19 unused Assets / (138.3 KB). Loaded Objects now: 4313.
Memory consumption went from 156.6 MB to 156.4 MB.
Total: 2.610100 ms (FindLiveObjects: 0.276600 ms CreateObjectMapping: 0.113600 ms MarkObjects: 2.135700 ms  DeleteObjects: 0.083500 ms)

AssetImportParameters requested are different than current active one (requested -> active):
  custom:video-decoder-ogg-theora: a1e56fd34408186e4bbccfd4996cb3dc -> 
  custom:container-muxer-webm: aa71ff27fc2769a1b78a27578f13a17b -> 
  custom:container-demuxer-webm: 4f35f7cbe854078d1ac9338744f61a02 -> 
  custom:video-encoder-webm-vp8: eb34c28f22e8b96e1ab97ce403110664 -> 
  custom:CustomObjectIndexerAttribute: bc11b3a6c3213fcdd17b65e7da85e133 -> 
  custom:audio-encoder-webm-vorbis: bf7c407c2cedff20999df2af8eb42d56 -> 
  custom:framework-win-MediaFoundation: 216162199b28c13a410421893ffa2e32 -> 
  custom:SearchIndexIgnoredProperties: e643bd26f0fe6173181afceb89e7c659 -> 
  custom:container-demuxer-ogg: 62fdf1f143b41e24485cea50d1cbac27 -> 
  custom:video-decoder-webm-vp8: 9c59270c3fd7afecdb556c50c9e8de78 -> 
  custom:audio-decoder-ogg-vorbis: bf7c407c2cedff20999df2af8eb42d56 -> 
========================================================================
Received Import Request.
  Time since last request: 2705.143241 seconds.
  path: Assets/01a - Level/01 - Tiles/03 - ProBuilder/ProBuilder_002_Blocktile 1.prefab
  artifactKey: Guid(94b6df6035994d24aa00901b6a256fe4) Importer(815301076,1909f56bfc062723c751e8b465ee728b)
Number of updated assets reloaded before import = 0
Start importing Assets/01a - Level/01 - Tiles/03 - ProBuilder/ProBuilder_002_Blocktile 1.prefab using Guid(94b6df6035994d24aa00901b6a256fe4) Importer(815301076,1909f56bfc062723c751e8b465ee728b)  -> (artifact id: 'a872f2e2fe6005129e8d8aca28057484') in 0.035696 seconds 
Number of asset objects unloaded after import = 9
========================================================================
Received Import Request.
  Time since last request: 13.348929 seconds.
  path: Assets/01a - Level/01 - Tiles/03 - ProBuilder/ProBuilder_002_Blocktile 1.prefab
  artifactKey: Guid(94b6df6035994d24aa00901b6a256fe4) Importer(815301076,1909f56bfc062723c751e8b465ee728b)
Number of updated assets reloaded before import = 0
Start importing Assets/01a - Level/01 - Tiles/03 - ProBuilder/ProBuilder_002_Blocktile 1.prefab using Guid(94b6df6035994d24aa00901b6a256fe4) Importer(815301076,1909f56bfc062723c751e8b465ee728b)  -> (artifact id: '4e6483c40db26ea527b53181ea3d34f8') in 0.002600 seconds 
Number of asset objects unloaded after import = 9
========================================================================
Received Import Request.
  Time since last request: 7.303820 seconds.
  path: Assets/01a - Level/01 - Tiles/03 - ProBuilder/ProBuilder_003_Blocktile 1.prefab
  artifactKey: Guid(94b6df6035994d24aa00901b6a256fe4) Importer(815301076,1909f56bfc062723c751e8b465ee728b)
Number of updated assets reloaded before import = 0
Start importing Assets/01a - Level/01 - Tiles/03 - ProBuilder/ProBuilder_003_Blocktile 1.prefab using Guid(94b6df6035994d24aa00901b6a256fe4) Importer(815301076,1909f56bfc062723c751e8b465ee728b)  -> (artifact id: 'a3ccbea0e17cdb96d5b84ea1a5c9635c') in 0.002956 seconds 
Number of asset objects unloaded after import = 9
========================================================================
Received Import Request.
  Time since last request: 6.837821 seconds.
  path: Assets/01a - Level/01 - Tiles/03 - ProBuilder/ProBuilder_003_Watertile.prefab
  artifactKey: Guid(94b6df6035994d24aa00901b6a256fe4) Importer(815301076,1909f56bfc062723c751e8b465ee728b)
Number of updated assets reloaded before import = 0
Start importing Assets/01a - Level/01 - Tiles/03 - ProBuilder/ProBuilder_003_Watertile.prefab using Guid(94b6df6035994d24aa00901b6a256fe4) Importer(815301076,1909f56bfc062723c751e8b465ee728b)  -> (artifact id: 'ee6ad5081b7b7e13dc77f4f163d35d6e') in 0.003351 seconds 
Number of asset objects unloaded after import = 9
========================================================================
Received Import Request.
  Time since last request: 10.648383 seconds.
  path: Assets/01a - Level/01 - Tiles/03 - ProBuilder/Materiales/ProBuilder_002_Blocktile 1.mat
  artifactKey: Guid(d6e22850523854e48b3db8beb2705838) Importer(815301076,1909f56bfc062723c751e8b465ee728b)
Number of updated assets reloaded before import = 0
Start importing Assets/01a - Level/01 - Tiles/03 - ProBuilder/Materiales/ProBuilder_002_Blocktile 1.mat using Guid(d6e22850523854e48b3db8beb2705838) Importer(815301076,1909f56bfc062723c751e8b465ee728b)  -> (artifact id: 'fbc9421d16cdb69f3643d3b1ecc4c98e') in 0.035292 seconds 
Number of asset objects unloaded after import = 2
========================================================================
Received Import Request.
  Time since last request: 10.943240 seconds.
  path: Assets/01a - Level/01 - Tiles/03 - ProBuilder/Materiales/ProBuilder_003_Watertile.mat
  artifactKey: Guid(d6e22850523854e48b3db8beb2705838) Importer(815301076,1909f56bfc062723c751e8b465ee728b)
Number of updated assets reloaded before import = 0
Start importing Assets/01a - Level/01 - Tiles/03 - ProBuilder/Materiales/ProBuilder_003_Watertile.mat using Guid(d6e22850523854e48b3db8beb2705838) Importer(815301076,1909f56bfc062723c751e8b465ee728b)  -> (artifact id: '0e237e33049867aa4d0d52d46168e679') in 0.014896 seconds 
Number of asset objects unloaded after import = 2
========================================================================
Received Import Request.
  Time since last request: 16.559118 seconds.
  path: Assets/01a - Level/01 - Tiles/03 - ProBuilder/ProBuilder_003_Watertile.prefab
  artifactKey: Guid(94b6df6035994d24aa00901b6a256fe4) Importer(815301076,1909f56bfc062723c751e8b465ee728b)
Number of updated assets reloaded before import = 0
Start importing Assets/01a - Level/01 - Tiles/03 - ProBuilder/ProBuilder_003_Watertile.prefab using Guid(94b6df6035994d24aa00901b6a256fe4) Importer(815301076,1909f56bfc062723c751e8b465ee728b)  -> (artifact id: '8900809b7f4d19f6affcafc933b06b12') in 0.002588 seconds 
Number of asset objects unloaded after import = 9
========================================================================
Received Prepare
Registering precompiled user dll's ...
Registered in 0.002718 seconds.
Begin MonoManager ReloadAssembly
Native extension for WindowsStandalone target not found
Refreshing native plugins compatible for Editor in 0.63 ms, found 3 plugins.
Preloading 0 native plugins for Editor in 0.00 ms.
[Package Manager] Server::EnsureServerProcessIsRunning -- launch failed, reason: Unity was launched with the -noUpm command-line argument
[Package Manager] Cannot connect to Unity Package Manager local server
Mono: successfully reloaded assembly
- Completed reload, in  0.922 seconds
Domain Reload Profiling:
	ReloadAssembly (922ms)
		BeginReloadAssembly (101ms)
			ExecutionOrderSort (0ms)
			DisableScriptedObjects (3ms)
			BackupInstance (0ms)
			ReleaseScriptingObjects (0ms)
			CreateAndSetChildDomain (28ms)
		EndReloadAssembly (768ms)
			LoadAssemblies (60ms)
			RebuildTransferFunctionScriptingTraits (0ms)
			SetupTypeCache (142ms)
			ReleaseScriptCaches (1ms)
			RebuildScriptCaches (24ms)
			SetupLoadedEditorAssemblies (535ms)
				LogAssemblyErrors (0ms)
				InitializePlatformSupportModulesInManaged (4ms)
				SetLoadedEditorAssemblies (0ms)
				RefreshPlugins (1ms)
				BeforeProcessingInitializeOnLoad (42ms)
				ProcessInitializeOnLoadAttributes (471ms)
				ProcessInitializeOnLoadMethodAttributes (13ms)
				AfterProcessingInitializeOnLoad (6ms)
				EditorAssembliesLoaded (0ms)
			ExecutionOrderSort2 (0ms)
			AwakeInstancesAfterBackupRestoration (5ms)
Platform modules already initialized, skipping
Refreshing native plugins compatible for Editor in 0.58 ms, found 3 plugins.
Preloading 0 native plugins for Editor in 0.00 ms.
Unloading 3677 Unused Serialized files (Serialized files now loaded: 0)
Unloading 19 unused Assets / (146.0 KB). Loaded Objects now: 4328.
Memory consumption went from 156.6 MB to 156.4 MB.
Total: 2.277700 ms (FindLiveObjects: 0.225200 ms CreateObjectMapping: 0.060100 ms MarkObjects: 1.913600 ms  DeleteObjects: 0.078400 ms)

AssetImportParameters requested are different than current active one (requested -> active):
  custom:video-decoder-ogg-theora: a1e56fd34408186e4bbccfd4996cb3dc -> 
  custom:container-muxer-webm: aa71ff27fc2769a1b78a27578f13a17b -> 
  custom:container-demuxer-webm: 4f35f7cbe854078d1ac9338744f61a02 -> 
  custom:video-encoder-webm-vp8: eb34c28f22e8b96e1ab97ce403110664 -> 
  custom:CustomObjectIndexerAttribute: bc11b3a6c3213fcdd17b65e7da85e133 -> 
  custom:audio-encoder-webm-vorbis: bf7c407c2cedff20999df2af8eb42d56 -> 
  custom:framework-win-MediaFoundation: 216162199b28c13a410421893ffa2e32 -> 
  custom:SearchIndexIgnoredProperties: e643bd26f0fe6173181afceb89e7c659 -> 
  custom:container-demuxer-ogg: 62fdf1f143b41e24485cea50d1cbac27 -> 
  custom:video-decoder-webm-vp8: 9c59270c3fd7afecdb556c50c9e8de78 -> 
  custom:audio-decoder-ogg-vorbis: bf7c407c2cedff20999df2af8eb42d56 -> 
========================================================================
Received Import Request.
  Time since last request: 509.021166 seconds.
  path: Assets/01a - Level/01 - Tiles/03 - ProBuilder/Materiales/ProBuilder_003_Watertile.mat
  artifactKey: Guid(d6e22850523854e48b3db8beb2705838) Importer(815301076,1909f56bfc062723c751e8b465ee728b)
Number of updated assets reloaded before import = 0
Start importing Assets/01a - Level/01 - Tiles/03 - ProBuilder/Materiales/ProBuilder_003_Watertile.mat using Guid(d6e22850523854e48b3db8beb2705838) Importer(815301076,1909f56bfc062723c751e8b465ee728b)  -> (artifact id: '90581d8cdfb03b460cac22e5398150ed') in 0.051529 seconds 
Number of asset objects unloaded after import = 2
========================================================================
Received Import Request.
  Time since last request: 20.287322 seconds.
  path: Assets/01a - Level/01 - Tiles/03 - ProBuilder/Materiales/ProBuilder_003_Watertile.mat
  artifactKey: Guid(d6e22850523854e48b3db8beb2705838) Importer(815301076,1909f56bfc062723c751e8b465ee728b)
Number of updated assets reloaded before import = 0
Start importing Assets/01a - Level/01 - Tiles/03 - ProBuilder/Materiales/ProBuilder_003_Watertile.mat using Guid(d6e22850523854e48b3db8beb2705838) Importer(815301076,1909f56bfc062723c751e8b465ee728b)  -> (artifact id: 'b024ccbef577ec40c13f16594a5660a0') in 0.022752 seconds 
Number of asset objects unloaded after import = 2
